<?xml version="1.0" encoding="UTF-8"?>
<!-- Generated by org.testng.reporters.JUnitXMLReporter -->
<testsuite ignored="0" hostname="LAPTOP-I5RVG9S4" failures="0" tests="2" name="Default test" time="0.113" errors="0" timestamp="2021-03-12T12:52:21 IST">
  <testcase classname="com.comcast.contacttest.CreateContactTest" name="CreateContact" time="0.023"/>
  <testcase classname="com.comcast.contacttest.CreateContactTest" name="CreateContactwithMobile" time="0.003"/>
</testsuite> <!-- Default test -->
