<?xml version="1.0" encoding="UTF-8"?>
<testng-results ignored="0" total="2" passed="2" failed="0" skipped="0">
  <reporter-output>
  </reporter-output>
  <suite started-at="2021-03-12T12:52:21 IST" name="Default suite" finished-at="2021-03-12T12:52:21 IST" duration-ms="113">
    <groups>
      <group name="smoketest">
        <method signature="CreateContactTest.CreateContact()[pri:0, instance:com.comcast.contacttest.CreateContactTest@59af0466]" name="CreateContact" class="com.comcast.contacttest.CreateContactTest"/>
      </group> <!-- smoketest -->
    </groups>
    <test started-at="2021-03-12T12:52:21 IST" name="Default test" finished-at="2021-03-12T12:52:21 IST" duration-ms="113">
      <class name="com.comcast.contacttest.CreateContactTest">
        <test-method signature="CreateContact()[pri:0, instance:com.comcast.contacttest.CreateContactTest@59af0466]" started-at="2021-03-12T12:52:21 IST" name="CreateContact" finished-at="2021-03-12T12:52:21 IST" duration-ms="23" status="PASS">
          <reporter-output>
          </reporter-output>
        </test-method> <!-- CreateContact -->
        <test-method signature="CreateContactwithMobile()[pri:0, instance:com.comcast.contacttest.CreateContactTest@59af0466]" started-at="2021-03-12T12:52:21 IST" name="CreateContactwithMobile" finished-at="2021-03-12T12:52:21 IST" duration-ms="3" status="PASS">
          <reporter-output>
          </reporter-output>
        </test-method> <!-- CreateContactwithMobile -->
      </class> <!-- com.comcast.contacttest.CreateContactTest -->
    </test> <!-- Default test -->
  </suite> <!-- Default suite -->
</testng-results>
